<?xml version="1.0" encoding="UTF-8"?>
<robot generator="Robot 4.1.1 (Python 3.9.7 on win32)" generated="20211001 10:45:29.394" rpa="false" schemaversion="2">
<suite id="s1" name="Test" source="c:\Users\Luiza\OneDrive\Documentos\ESTUDOS\ROBOTFRAMEWORK\SuiteSiteTestPractice-02\Test\Test.robot">
<test id="s1-t1" name="Caso de Teste 01: Buscar de produto">
<kw name="Abrir navegador" library="Resource" type="SETUP">
<kw name="Open Browser" library="SeleniumLibrary">
<arg>about:blank</arg>
<arg>${BROWSER}</arg>
<doc>Opens a new browser instance to the optional ``url``.</doc>
<msg timestamp="20211001 10:45:29.720" level="INFO">Opening browser 'chrome' to base url 'about:blank'.</msg>
<status status="PASS" starttime="20211001 10:45:29.720" endtime="20211001 10:45:31.270"/>
</kw>
<kw name="Go To" library="SeleniumLibrary">
<arg>${URL2}</arg>
<doc>Navigates the current browser window to the provided ``url``.</doc>
<msg timestamp="20211001 10:45:31.272" level="INFO">Opening url 'https://www.google.com.br/'</msg>
<status status="PASS" starttime="20211001 10:45:31.271" endtime="20211001 10:45:32.587"/>
</kw>
<status status="PASS" starttime="20211001 10:45:29.719" endtime="20211001 10:45:32.587"/>
</kw>
<kw name="Dado que acessar a página inicial do site" library="Resource">
<kw name="Go To" library="SeleniumLibrary">
<arg>${URL}</arg>
<doc>Navigates the current browser window to the provided ``url``.</doc>
<msg timestamp="20211001 10:45:32.588" level="INFO">Opening url 'https://havaianas.com.br/'</msg>
<status status="PASS" starttime="20211001 10:45:32.588" endtime="20211001 10:45:34.830"/>
</kw>
<kw name="Maximize Browser Window" library="SeleniumLibrary">
<doc>Maximizes current browser window.</doc>
<status status="PASS" starttime="20211001 10:45:34.831" endtime="20211001 10:45:35.213"/>
</kw>
<kw name="Sleep" library="BuiltIn">
<arg>8</arg>
<doc>Pauses the test executed for the given time.</doc>
<msg timestamp="20211001 10:45:43.226" level="INFO">Slept 8 seconds</msg>
<status status="PASS" starttime="20211001 10:45:35.213" endtime="20211001 10:45:43.226"/>
</kw>
<status status="PASS" starttime="20211001 10:45:32.587" endtime="20211001 10:45:43.226"/>
</kw>
<kw name="Quando submeto o &quot;${PRODUTO}&quot; no campo de pesquisa" library="Resource" sourcename="Quando submeto o &quot;${PRODUTO}&quot; no campo de pesquisa">
<kw name="Click Element" library="SeleniumLibrary">
<arg>${CAMPO_PESQUISA}</arg>
<doc>Click the element identified by ``locator``.</doc>
<msg timestamp="20211001 10:45:43.227" level="INFO">Clicking element 'xpath=(//div[contains(.,'O que você procura?')])[3]'.</msg>
<status status="PASS" starttime="20211001 10:45:43.227" endtime="20211001 10:45:43.397"/>
</kw>
<kw name="Sleep" library="BuiltIn">
<arg>2</arg>
<doc>Pauses the test executed for the given time.</doc>
<msg timestamp="20211001 10:45:45.415" level="INFO">Slept 2 seconds</msg>
<status status="PASS" starttime="20211001 10:45:43.398" endtime="20211001 10:45:45.415"/>
</kw>
<kw name="Input Text" library="SeleniumLibrary">
<arg>${DIGITAR_PESQUISA}</arg>
<arg>${PRODUTO}</arg>
<doc>Types the given ``text`` into the text field identified by ``locator``.</doc>
<msg timestamp="20211001 10:45:45.416" level="INFO">Typing text 'Chinelo Havaianas Power' into text field 'xpath=//input[@name='q']'.</msg>
<status status="PASS" starttime="20211001 10:45:45.415" endtime="20211001 10:45:45.640"/>
</kw>
<kw name="Sleep" library="BuiltIn">
<arg>4</arg>
<doc>Pauses the test executed for the given time.</doc>
<msg timestamp="20211001 10:45:49.654" level="INFO">Slept 4 seconds</msg>
<status status="PASS" starttime="20211001 10:45:45.640" endtime="20211001 10:45:49.654"/>
</kw>
<status status="PASS" starttime="20211001 10:45:43.226" endtime="20211001 10:45:49.654"/>
</kw>
<kw name="Realizo a compra o produto no site" library="Resource">
<kw name="Click Element" library="SeleniumLibrary">
<arg>${ITEM}</arg>
<doc>Click the element identified by ``locator``.</doc>
<msg timestamp="20211001 10:45:49.655" level="INFO">Clicking element 'xpath=//*[@id="shoptag-1"]/a/span'.</msg>
<status status="PASS" starttime="20211001 10:45:49.654" endtime="20211001 10:45:49.799"/>
</kw>
<kw name="Sleep" library="BuiltIn">
<arg>8</arg>
<doc>Pauses the test executed for the given time.</doc>
<msg timestamp="20211001 10:45:57.811" level="INFO">Slept 8 seconds</msg>
<status status="PASS" starttime="20211001 10:45:49.800" endtime="20211001 10:45:57.811"/>
</kw>
<kw name="Click Element" library="SeleniumLibrary">
<arg>${TAMANHO_ITEM}</arg>
<doc>Click the element identified by ``locator``.</doc>
<msg timestamp="20211001 10:45:57.812" level="INFO">Clicking element 'xpath=//span[contains(.,"39/40")]'.</msg>
<status status="PASS" starttime="20211001 10:45:57.812" endtime="20211001 10:45:57.909"/>
</kw>
<kw name="Sleep" library="BuiltIn">
<arg>4</arg>
<doc>Pauses the test executed for the given time.</doc>
<msg timestamp="20211001 10:46:01.910" level="INFO">Slept 4 seconds</msg>
<status status="PASS" starttime="20211001 10:45:57.909" endtime="20211001 10:46:01.910"/>
</kw>
<kw name="Click Element" library="SeleniumLibrary">
<arg>${COMPRAR}</arg>
<doc>Click the element identified by ``locator``.</doc>
<msg timestamp="20211001 10:46:01.910" level="INFO">Clicking element 'xpath=//*[@id="buy__button"]/span[1]'.</msg>
<status status="PASS" starttime="20211001 10:46:01.910" endtime="20211001 10:46:01.992"/>
</kw>
<kw name="Sleep" library="BuiltIn">
<arg>4</arg>
<doc>Pauses the test executed for the given time.</doc>
<msg timestamp="20211001 10:46:06.005" level="INFO">Slept 4 seconds</msg>
<status status="PASS" starttime="20211001 10:46:01.993" endtime="20211001 10:46:06.005"/>
</kw>
<status status="PASS" starttime="20211001 10:45:49.654" endtime="20211001 10:46:06.005"/>
</kw>
<kw name="Também o &quot;${PRODUTO2}&quot; no campo de pesquisa" library="Resource" sourcename="Também o &quot;${PRODUTO2}&quot; no campo de pesquisa">
<kw name="Click Element" library="SeleniumLibrary">
<arg>${CAMPO_PESQUISA}</arg>
<doc>Click the element identified by ``locator``.</doc>
<msg timestamp="20211001 10:46:06.006" level="INFO">Clicking element 'xpath=(//div[contains(.,'O que você procura?')])[3]'.</msg>
<status status="PASS" starttime="20211001 10:46:06.006" endtime="20211001 10:46:06.104"/>
</kw>
<kw name="Sleep" library="BuiltIn">
<arg>2</arg>
<doc>Pauses the test executed for the given time.</doc>
<msg timestamp="20211001 10:46:08.106" level="INFO">Slept 2 seconds</msg>
<status status="PASS" starttime="20211001 10:46:06.105" endtime="20211001 10:46:08.106"/>
</kw>
<kw name="Input Text" library="SeleniumLibrary">
<arg>${DIGITAR_PESQUISA}</arg>
<arg>${PRODUTO2}</arg>
<doc>Types the given ``text`` into the text field identified by ``locator``.</doc>
<msg timestamp="20211001 10:46:08.107" level="INFO">Typing text 'Havaianas rasteirinhas' into text field 'xpath=//input[@name='q']'.</msg>
<status status="PASS" starttime="20211001 10:46:08.106" endtime="20211001 10:46:08.322"/>
</kw>
<kw name="Sleep" library="BuiltIn">
<arg>4</arg>
<doc>Pauses the test executed for the given time.</doc>
<msg timestamp="20211001 10:46:12.334" level="INFO">Slept 4 seconds</msg>
<status status="PASS" starttime="20211001 10:46:08.322" endtime="20211001 10:46:12.334"/>
</kw>
<status status="PASS" starttime="20211001 10:46:06.005" endtime="20211001 10:46:12.334"/>
</kw>
<kw name="Realizo a segunda compra o produto no site" library="Resource">
<kw name="Click Element" library="SeleniumLibrary">
<arg>${SEGUNDO_ITEM}</arg>
<doc>Click the element identified by ``locator``.</doc>
<msg timestamp="20211001 10:46:12.335" level="INFO">Clicking element 'xpath=//*[@id="shoptag-1"]/a/span'.</msg>
<status status="PASS" starttime="20211001 10:46:12.335" endtime="20211001 10:46:12.477"/>
</kw>
<kw name="Sleep" library="BuiltIn">
<arg>8</arg>
<doc>Pauses the test executed for the given time.</doc>
<msg timestamp="20211001 10:46:20.486" level="INFO">Slept 8 seconds</msg>
<status status="PASS" starttime="20211001 10:46:12.478" endtime="20211001 10:46:20.486"/>
</kw>
<kw name="Click Element" library="SeleniumLibrary">
<arg>${TAMANHO_SEGUNDO_ITEM}</arg>
<doc>Click the element identified by ``locator``.</doc>
<msg timestamp="20211001 10:46:20.487" level="INFO">Clicking element 'xpath=//span[contains(.,"35/36")]'.</msg>
<status status="PASS" starttime="20211001 10:46:20.486" endtime="20211001 10:46:20.560"/>
</kw>
<kw name="Sleep" library="BuiltIn">
<arg>4</arg>
<doc>Pauses the test executed for the given time.</doc>
<msg timestamp="20211001 10:46:24.561" level="INFO">Slept 4 seconds</msg>
<status status="PASS" starttime="20211001 10:46:20.560" endtime="20211001 10:46:24.561"/>
</kw>
<kw name="Click Element" library="SeleniumLibrary">
<arg>${COMPRAR}</arg>
<doc>Click the element identified by ``locator``.</doc>
<msg timestamp="20211001 10:46:24.563" level="INFO">Clicking element 'xpath=//*[@id="buy__button"]/span[1]'.</msg>
<status status="PASS" starttime="20211001 10:46:24.562" endtime="20211001 10:46:24.627"/>
</kw>
<kw name="Sleep" library="BuiltIn">
<arg>4</arg>
<doc>Pauses the test executed for the given time.</doc>
<msg timestamp="20211001 10:46:28.641" level="INFO">Slept 4 seconds</msg>
<status status="PASS" starttime="20211001 10:46:24.627" endtime="20211001 10:46:28.641"/>
</kw>
<status status="PASS" starttime="20211001 10:46:12.335" endtime="20211001 10:46:28.641"/>
</kw>
<kw name="Então deve esvaziar a sacola e sair do site" library="Resource">
<kw name="Click Element" library="SeleniumLibrary">
<arg>${PAGAR}</arg>
<doc>Click the element identified by ``locator``.</doc>
<msg timestamp="20211001 10:46:28.642" level="INFO">Clicking element 'xpath=//*[@id="pay__button"]/span[1]'.</msg>
<status status="PASS" starttime="20211001 10:46:28.642" endtime="20211001 10:46:28.738"/>
</kw>
<kw name="Sleep" library="BuiltIn">
<arg>6</arg>
<doc>Pauses the test executed for the given time.</doc>
<msg timestamp="20211001 10:46:34.740" level="INFO">Slept 6 seconds</msg>
<status status="PASS" starttime="20211001 10:46:28.739" endtime="20211001 10:46:34.740"/>
</kw>
<kw name="Mouse Down On Image" library="SeleniumLibrary">
<arg>${MOUSE_SOBRE_IMAGEM_01}</arg>
<doc>Simulates a mouse down event on an image identified by ``locator``.</doc>
<status status="PASS" starttime="20211001 10:46:34.740" endtime="20211001 10:46:35.056"/>
</kw>
<kw name="Sleep" library="BuiltIn">
<arg>3</arg>
<doc>Pauses the test executed for the given time.</doc>
<msg timestamp="20211001 10:46:38.061" level="INFO">Slept 3 seconds</msg>
<status status="PASS" starttime="20211001 10:46:35.056" endtime="20211001 10:46:38.061"/>
</kw>
<kw name="Click Element" library="SeleniumLibrary">
<arg>${ICONE_EXCLUIR_01}</arg>
<doc>Click the element identified by ``locator``.</doc>
<msg timestamp="20211001 10:46:38.062" level="INFO">Clicking element 'xpath=//a[@class="remove__link remove__confirm"]'.</msg>
<status status="PASS" starttime="20211001 10:46:38.061" endtime="20211001 10:46:38.154"/>
</kw>
<kw name="Sleep" library="BuiltIn">
<arg>5</arg>
<doc>Pauses the test executed for the given time.</doc>
<msg timestamp="20211001 10:46:43.156" level="INFO">Slept 5 seconds</msg>
<status status="PASS" starttime="20211001 10:46:38.154" endtime="20211001 10:46:43.156"/>
</kw>
<kw name="Mouse Down On Image" library="SeleniumLibrary">
<arg>${MOUSE_SOBRE_IMAGEM_02}</arg>
<doc>Simulates a mouse down event on an image identified by ``locator``.</doc>
<status status="PASS" starttime="20211001 10:46:43.156" endtime="20211001 10:46:43.453"/>
</kw>
<kw name="Sleep" library="BuiltIn">
<arg>3</arg>
<doc>Pauses the test executed for the given time.</doc>
<msg timestamp="20211001 10:46:46.468" level="INFO">Slept 3 seconds</msg>
<status status="PASS" starttime="20211001 10:46:43.453" endtime="20211001 10:46:46.468"/>
</kw>
<kw name="Click Element" library="SeleniumLibrary">
<arg>${ICONE_EXCLUIR_02}</arg>
<doc>Click the element identified by ``locator``.</doc>
<msg timestamp="20211001 10:46:46.469" level="INFO">Clicking element 'xpath=//a[@class="remove__link remove__confirm"]'.</msg>
<status status="PASS" starttime="20211001 10:46:46.468" endtime="20211001 10:46:46.539"/>
</kw>
<kw name="Sleep" library="BuiltIn">
<arg>6</arg>
<doc>Pauses the test executed for the given time.</doc>
<msg timestamp="20211001 10:46:52.552" level="INFO">Slept 6 seconds</msg>
<status status="PASS" starttime="20211001 10:46:46.539" endtime="20211001 10:46:52.552"/>
</kw>
<status status="PASS" starttime="20211001 10:46:28.641" endtime="20211001 10:46:52.552"/>
</kw>
<kw name="Fechar navegador" library="Resource" type="TEARDOWN">
<kw name="Close Browser" library="SeleniumLibrary">
<doc>Closes the current browser.</doc>
<status status="PASS" starttime="20211001 10:46:52.553" endtime="20211001 10:46:55.044"/>
</kw>
<status status="PASS" starttime="20211001 10:46:52.553" endtime="20211001 10:46:55.044"/>
</kw>
<status status="PASS" starttime="20211001 10:45:29.719" endtime="20211001 10:46:55.045"/>
</test>
<status status="PASS" starttime="20211001 10:45:29.399" endtime="20211001 10:46:55.048"/>
</suite>
<statistics>
<total>
<stat pass="1" fail="0" skip="0">All Tests</stat>
</total>
<tag>
</tag>
<suite>
<stat pass="1" fail="0" skip="0" id="s1" name="Test">Test</stat>
</suite>
</statistics>
<errors>
</errors>
</robot>
